This file contains any messages produced by compilers while
running configure, to aid debugging if configure makes a mistake.

It was created by NRG5-SU configure 0.1, which was
generated by GNU Autoconf 2.69.  Invocation command line was

  $ ./configure 

## --------- ##
## Platform. ##
## --------- ##

hostname = ubuntu
uname -m = x86_64
uname -r = 4.15.0-34-generic
uname -s = Linux
uname -v = #37-Ubuntu SMP Mon Aug 27 15:21:48 UTC 2018

/usr/bin/uname -p = unknown
/bin/uname -X     = unknown

/bin/arch              = unknown
/usr/bin/arch -k       = unknown
/usr/convex/getsysinfo = unknown
/usr/bin/hostinfo      = unknown
/bin/machine           = unknown
/usr/bin/oslevel       = unknown
/bin/universe          = unknown

PATH: /usr/local/sbin
PATH: /usr/local/bin
PATH: /usr/sbin
PATH: /usr/bin
PATH: /sbin
PATH: /bin
PATH: /usr/games
PATH: /usr/local/games
PATH: /snap/bin


## ----------- ##
## Core tests. ##
## ----------- ##

configure:2258: checking for a BSD-compatible install
configure:2326: result: /usr/bin/install -c
configure:2337: checking whether build environment is sane
configure:2392: result: yes
configure:2543: checking for a thread-safe mkdir -p
configure:2582: result: /bin/mkdir -p
configure:2589: checking for gawk
configure:2619: result: no
configure:2589: checking for mawk
configure:2605: found /usr/bin/mawk
configure:2616: result: mawk
configure:2627: checking whether make sets $(MAKE)
configure:2649: result: yes
configure:2678: checking whether make supports nested variables
configure:2695: result: yes
configure:2872: checking for gcc
configure:2888: found /usr/bin/gcc
configure:2899: result: gcc
configure:3128: checking for C compiler version
configure:3137: gcc --version >&5
gcc (Ubuntu 7.3.0-16ubuntu3) 7.3.0
Copyright (C) 2017 Free Software Foundation, Inc.
This is free software; see the source for copying conditions.  There is NO
warranty; not even for MERCHANTABILITY or FITNESS FOR A PARTICULAR PURPOSE.

configure:3148: $? = 0
configure:3137: gcc -v >&5
Using built-in specs.
COLLECT_GCC=gcc
COLLECT_LTO_WRAPPER=/usr/lib/gcc/x86_64-linux-gnu/7/lto-wrapper
OFFLOAD_TARGET_NAMES=nvptx-none
OFFLOAD_TARGET_DEFAULT=1
Target: x86_64-linux-gnu
Configured with: ../src/configure -v --with-pkgversion='Ubuntu 7.3.0-16ubuntu3' --with-bugurl=file:///usr/share/doc/gcc-7/README.Bugs --enable-languages=c,ada,c++,go,brig,d,fortran,objc,obj-c++ --prefix=/usr --with-gcc-major-version-only --with-as=/usr/bin/x86_64-linux-gnu-as --with-ld=/usr/bin/x86_64-linux-gnu-ld --program-suffix=-7 --program-prefix=x86_64-linux-gnu- --enable-shared --enable-linker-build-id --libexecdir=/usr/lib --without-included-gettext --enable-threads=posix --libdir=/usr/lib --enable-nls --with-sysroot=/ --enable-clocale=gnu --enable-libstdcxx-debug --enable-libstdcxx-time=yes --with-default-libstdcxx-abi=new --enable-gnu-unique-object --disable-vtable-verify --enable-libmpx --enable-plugin --enable-default-pie --with-system-zlib --with-target-system-zlib --enable-objc-gc=auto --enable-multiarch --disable-werror --with-arch-32=i686 --with-abi=m64 --with-multilib-list=m32,m64,mx32 --enable-multilib --with-tune=generic --enable-offload-targets=nvptx-none --without-cuda-driver --enable-checking=release --build=x86_64-linux-gnu --host=x86_64-linux-gnu --target=x86_64-linux-gnu
Thread model: posix
gcc version 7.3.0 (Ubuntu 7.3.0-16ubuntu3) 
configure:3148: $? = 0
configure:3137: gcc -V >&5
gcc: error: unrecognized command line option '-V'
gcc: fatal error: no input files
compilation terminated.
configure:3148: $? = 1
configure:3137: gcc -qversion >&5
gcc: error: unrecognized command line option '-qversion'; did you mean '--version'?
gcc: fatal error: no input files
compilation terminated.
configure:3148: $? = 1
configure:3168: checking whether the C compiler works
configure:3190: gcc    conftest.c  >&5
configure:3194: $? = 0
configure:3242: result: yes
configure:3245: checking for C compiler default output file name
configure:3247: result: a.out
configure:3253: checking for suffix of executables
configure:3260: gcc -o conftest    conftest.c  >&5
configure:3264: $? = 0
configure:3286: result: 
configure:3308: checking whether we are cross compiling
configure:3316: gcc -o conftest    conftest.c  >&5
configure:3320: $? = 0
configure:3327: ./conftest
configure:3331: $? = 0
configure:3346: result: no
configure:3351: checking for suffix of object files
configure:3373: gcc -c   conftest.c >&5
configure:3377: $? = 0
configure:3398: result: o
configure:3402: checking whether we are using the GNU C compiler
configure:3421: gcc -c   conftest.c >&5
configure:3421: $? = 0
configure:3430: result: yes
configure:3439: checking whether gcc accepts -g
configure:3459: gcc -c -g  conftest.c >&5
configure:3459: $? = 0
configure:3500: result: yes
configure:3517: checking for gcc option to accept ISO C89
configure:3580: gcc  -c -g -O2  conftest.c >&5
configure:3580: $? = 0
configure:3593: result: none needed
configure:3618: checking whether gcc understands -c and -o together
configure:3640: gcc -c conftest.c -o conftest2.o
configure:3643: $? = 0
configure:3640: gcc -c conftest.c -o conftest2.o
configure:3643: $? = 0
configure:3655: result: yes
configure:3683: checking for style of include used by make
configure:3711: result: GNU
configure:3737: checking dependency style of gcc
configure:3848: result: gcc3
configure:3908: checking for ranlib
configure:3924: found /usr/bin/ranlib
configure:3935: result: ranlib
configure:3958: checking for pthread_create in -lpthread
configure:3983: gcc -o conftest -g -O2   conftest.c -lpthread   >&5
configure:3983: $? = 0
configure:3992: result: yes
configure:4010: checking how to run the C preprocessor
configure:4041: gcc -E  conftest.c
configure:4041: $? = 0
configure:4055: gcc -E  conftest.c
conftest.c:12:10: fatal error: ac_nonexistent.h: No such file or directory
 #include <ac_nonexistent.h>
          ^~~~~~~~~~~~~~~~~~
compilation terminated.
configure:4055: $? = 1
configure: failed program was:
| /* confdefs.h */
| #define PACKAGE_NAME "NRG5-SU"
| #define PACKAGE_TARNAME "nrg5-su"
| #define PACKAGE_VERSION "0.1"
| #define PACKAGE_STRING "NRG5-SU 0.1"
| #define PACKAGE_BUGREPORT "furong.yang@lip6.fr luca.demori@lip6.fr"
| #define PACKAGE_URL ""
| #define PACKAGE "NRG5-SU"
| #define VERSION "0.1"
| #define HAVE_LIBPTHREAD 1
| /* end confdefs.h.  */
| #include <ac_nonexistent.h>
configure:4080: result: gcc -E
configure:4100: gcc -E  conftest.c
configure:4100: $? = 0
configure:4114: gcc -E  conftest.c
conftest.c:12:10: fatal error: ac_nonexistent.h: No such file or directory
 #include <ac_nonexistent.h>
          ^~~~~~~~~~~~~~~~~~
compilation terminated.
configure:4114: $? = 1
configure: failed program was:
| /* confdefs.h */
| #define PACKAGE_NAME "NRG5-SU"
| #define PACKAGE_TARNAME "nrg5-su"
| #define PACKAGE_VERSION "0.1"
| #define PACKAGE_STRING "NRG5-SU 0.1"
| #define PACKAGE_BUGREPORT "furong.yang@lip6.fr luca.demori@lip6.fr"
| #define PACKAGE_URL ""
| #define PACKAGE "NRG5-SU"
| #define VERSION "0.1"
| #define HAVE_LIBPTHREAD 1
| /* end confdefs.h.  */
| #include <ac_nonexistent.h>
configure:4143: checking for grep that handles long lines and -e
configure:4201: result: /bin/grep
configure:4206: checking for egrep
configure:4268: result: /bin/grep -E
configure:4273: checking for ANSI C header files
configure:4293: gcc -c -g -O2  conftest.c >&5
configure:4293: $? = 0
configure:4366: gcc -o conftest -g -O2   conftest.c -lpthread  >&5
configure:4366: $? = 0
configure:4366: ./conftest
configure:4366: $? = 0
configure:4377: result: yes
configure:4390: checking for sys/types.h
configure:4390: gcc -c -g -O2  conftest.c >&5
configure:4390: $? = 0
configure:4390: result: yes
configure:4390: checking for sys/stat.h
configure:4390: gcc -c -g -O2  conftest.c >&5
configure:4390: $? = 0
configure:4390: result: yes
configure:4390: checking for stdlib.h
configure:4390: gcc -c -g -O2  conftest.c >&5
configure:4390: $? = 0
configure:4390: result: yes
configure:4390: checking for string.h
configure:4390: gcc -c -g -O2  conftest.c >&5
configure:4390: $? = 0
configure:4390: result: yes
configure:4390: checking for memory.h
configure:4390: gcc -c -g -O2  conftest.c >&5
configure:4390: $? = 0
configure:4390: result: yes
configure:4390: checking for strings.h
configure:4390: gcc -c -g -O2  conftest.c >&5
configure:4390: $? = 0
configure:4390: result: yes
configure:4390: checking for inttypes.h
configure:4390: gcc -c -g -O2  conftest.c >&5
configure:4390: $? = 0
configure:4390: result: yes
configure:4390: checking for stdint.h
configure:4390: gcc -c -g -O2  conftest.c >&5
configure:4390: $? = 0
configure:4390: result: yes
configure:4390: checking for unistd.h
configure:4390: gcc -c -g -O2  conftest.c >&5
configure:4390: $? = 0
configure:4390: result: yes
configure:4405: checking arpa/inet.h usability
configure:4405: gcc -c -g -O2  conftest.c >&5
configure:4405: $? = 0
configure:4405: result: yes
configure:4405: checking arpa/inet.h presence
configure:4405: gcc -E  conftest.c
configure:4405: $? = 0
configure:4405: result: yes
configure:4405: checking for arpa/inet.h
configure:4405: result: yes
configure:4405: checking netinet/in.h usability
configure:4405: gcc -c -g -O2  conftest.c >&5
configure:4405: $? = 0
configure:4405: result: yes
configure:4405: checking netinet/in.h presence
configure:4405: gcc -E  conftest.c
configure:4405: $? = 0
configure:4405: result: yes
configure:4405: checking for netinet/in.h
configure:4405: result: yes
configure:4405: checking for stdint.h
configure:4405: result: yes
configure:4405: checking for stdlib.h
configure:4405: result: yes
configure:4405: checking for string.h
configure:4405: result: yes
configure:4405: checking sys/ioctl.h usability
configure:4405: gcc -c -g -O2  conftest.c >&5
configure:4405: $? = 0
configure:4405: result: yes
configure:4405: checking sys/ioctl.h presence
configure:4405: gcc -E  conftest.c
configure:4405: $? = 0
configure:4405: result: yes
configure:4405: checking for sys/ioctl.h
configure:4405: result: yes
configure:4405: checking sys/socket.h usability
configure:4405: gcc -c -g -O2  conftest.c >&5
configure:4405: $? = 0
configure:4405: result: yes
configure:4405: checking sys/socket.h presence
configure:4405: gcc -E  conftest.c
configure:4405: $? = 0
configure:4405: result: yes
configure:4405: checking for sys/socket.h
configure:4405: result: yes
configure:4405: checking sys/time.h usability
configure:4405: gcc -c -g -O2  conftest.c >&5
configure:4405: $? = 0
configure:4405: result: yes
configure:4405: checking sys/time.h presence
configure:4405: gcc -E  conftest.c
configure:4405: $? = 0
configure:4405: result: yes
configure:4405: checking for sys/time.h
configure:4405: result: yes
configure:4405: checking for unistd.h
configure:4405: result: yes
configure:4417: checking for inline
configure:4433: gcc -c -g -O2  conftest.c >&5
configure:4433: $? = 0
configure:4441: result: inline
configure:4459: checking for uint16_t
configure:4459: gcc -c -g -O2  conftest.c >&5
configure:4459: $? = 0
configure:4459: result: yes
configure:4471: checking for uint32_t
configure:4471: gcc -c -g -O2  conftest.c >&5
configure:4471: $? = 0
configure:4471: result: yes
configure:4485: checking for uint64_t
configure:4485: gcc -c -g -O2  conftest.c >&5
configure:4485: $? = 0
configure:4485: result: yes
configure:4499: checking for uint8_t
configure:4499: gcc -c -g -O2  conftest.c >&5
configure:4499: $? = 0
configure:4499: result: yes
configure:4517: checking for stdlib.h
configure:4517: result: yes
configure:4527: checking for GNU libc compatible malloc
configure:4551: gcc -o conftest -g -O2   conftest.c -lpthread  >&5
configure:4551: $? = 0
configure:4551: ./conftest
configure:4551: $? = 0
configure:4561: result: yes
configure:4585: checking for gettimeofday
configure:4585: gcc -o conftest -g -O2   conftest.c -lpthread  >&5
configure:4585: $? = 0
configure:4585: result: yes
configure:4585: checking for memset
configure:4585: gcc -o conftest -g -O2   conftest.c -lpthread  >&5
conftest.c:57:6: warning: conflicting types for built-in function 'memset' [-Wbuiltin-declaration-mismatch]
 char memset ();
      ^~~~~~
configure:4585: $? = 0
configure:4585: result: yes
configure:4585: checking for socket
configure:4585: gcc -o conftest -g -O2   conftest.c -lpthread  >&5
configure:4585: $? = 0
configure:4585: result: yes
configure:4706: checking that generated files are newer than configure
configure:4712: result: done
configure:4735: creating ./config.status

## ---------------------- ##
## Running config.status. ##
## ---------------------- ##

This file was extended by NRG5-SU config.status 0.1, which was
generated by GNU Autoconf 2.69.  Invocation command line was

  CONFIG_FILES    = 
  CONFIG_HEADERS  = 
  CONFIG_LINKS    = 
  CONFIG_COMMANDS = 
  $ ./config.status 

on ubuntu

config.status:872: creating src/app_example/power_meter/Makefile
config.status:872: creating src/nso_lib/Makefile
config.status:872: creating src/test/Makefile
config.status:872: creating Makefile
config.status:872: creating config.h
config.status:1053: config.h is unchanged
config.status:1101: executing depfiles commands

## ---------------- ##
## Cache variables. ##
## ---------------- ##

ac_cv_c_compiler_gnu=yes
ac_cv_c_inline=inline
ac_cv_c_uint16_t=yes
ac_cv_c_uint32_t=yes
ac_cv_c_uint64_t=yes
ac_cv_c_uint8_t=yes
ac_cv_env_CC_set=
ac_cv_env_CC_value=
ac_cv_env_CFLAGS_set=
ac_cv_env_CFLAGS_value=
ac_cv_env_CPPFLAGS_set=
ac_cv_env_CPPFLAGS_value=
ac_cv_env_CPP_set=
ac_cv_env_CPP_value=
ac_cv_env_LDFLAGS_set=
ac_cv_env_LDFLAGS_value=
ac_cv_env_LIBS_set=
ac_cv_env_LIBS_value=
ac_cv_env_build_alias_set=
ac_cv_env_build_alias_value=
ac_cv_env_host_alias_set=
ac_cv_env_host_alias_value=
ac_cv_env_target_alias_set=
ac_cv_env_target_alias_value=
ac_cv_func_gettimeofday=yes
ac_cv_func_malloc_0_nonnull=yes
ac_cv_func_memset=yes
ac_cv_func_socket=yes
ac_cv_header_arpa_inet_h=yes
ac_cv_header_inttypes_h=yes
ac_cv_header_memory_h=yes
ac_cv_header_netinet_in_h=yes
ac_cv_header_stdc=yes
ac_cv_header_stdint_h=yes
ac_cv_header_stdlib_h=yes
ac_cv_header_string_h=yes
ac_cv_header_strings_h=yes
ac_cv_header_sys_ioctl_h=yes
ac_cv_header_sys_socket_h=yes
ac_cv_header_sys_stat_h=yes
ac_cv_header_sys_time_h=yes
ac_cv_header_sys_types_h=yes
ac_cv_header_unistd_h=yes
ac_cv_lib_pthread_pthread_create=yes
ac_cv_objext=o
ac_cv_path_EGREP='/bin/grep -E'
ac_cv_path_GREP=/bin/grep
ac_cv_path_install='/usr/bin/install -c'
ac_cv_path_mkdir=/bin/mkdir
ac_cv_prog_AWK=mawk
ac_cv_prog_CPP='gcc -E'
ac_cv_prog_ac_ct_CC=gcc
ac_cv_prog_ac_ct_RANLIB=ranlib
ac_cv_prog_cc_c89=
ac_cv_prog_cc_g=yes
ac_cv_prog_make_make_set=yes
am_cv_CC_dependencies_compiler_type=gcc3
am_cv_make_support_nested_variables=yes
am_cv_prog_cc_c_o=yes

## ----------------- ##
## Output variables. ##
## ----------------- ##

ACLOCAL='${SHELL} /home/fryang/working/nrg-5-sorbonne/nso/missing aclocal-1.15'
AMDEPBACKSLASH='\'
AMDEP_FALSE='#'
AMDEP_TRUE=''
AMTAR='$${TAR-tar}'
AM_BACKSLASH='\'
AM_DEFAULT_V='$(AM_DEFAULT_VERBOSITY)'
AM_DEFAULT_VERBOSITY='1'
AM_V='$(V)'
AUTOCONF='${SHELL} /home/fryang/working/nrg-5-sorbonne/nso/missing autoconf'
AUTOHEADER='${SHELL} /home/fryang/working/nrg-5-sorbonne/nso/missing autoheader'
AUTOMAKE='${SHELL} /home/fryang/working/nrg-5-sorbonne/nso/missing automake-1.15'
AWK='mawk'
CC='gcc'
CCDEPMODE='depmode=gcc3'
CFLAGS='-g -O2'
CPP='gcc -E'
CPPFLAGS=''
CYGPATH_W='echo'
DEFS='-DHAVE_CONFIG_H'
DEPDIR='.deps'
ECHO_C=''
ECHO_N='-n'
ECHO_T=''
EGREP='/bin/grep -E'
EXEEXT=''
GREP='/bin/grep'
INSTALL_DATA='${INSTALL} -m 644'
INSTALL_PROGRAM='${INSTALL}'
INSTALL_SCRIPT='${INSTALL}'
INSTALL_STRIP_PROGRAM='$(install_sh) -c -s'
LDFLAGS=''
LIBOBJS=''
LIBS='-lpthread '
LTLIBOBJS=''
MAKEINFO='${SHELL} /home/fryang/working/nrg-5-sorbonne/nso/missing makeinfo'
MKDIR_P='/bin/mkdir -p'
OBJEXT='o'
PACKAGE='NRG5-SU'
PACKAGE_BUGREPORT='furong.yang@lip6.fr luca.demori@lip6.fr'
PACKAGE_NAME='NRG5-SU'
PACKAGE_STRING='NRG5-SU 0.1'
PACKAGE_TARNAME='nrg5-su'
PACKAGE_URL=''
PACKAGE_VERSION='0.1'
PATH_SEPARATOR=':'
RANLIB='ranlib'
SET_MAKE=''
SHELL='/bin/bash'
STRIP=''
VERSION='0.1'
ac_ct_CC='gcc'
am__EXEEXT_FALSE=''
am__EXEEXT_TRUE='#'
am__fastdepCC_FALSE='#'
am__fastdepCC_TRUE=''
am__include='include'
am__isrc=''
am__leading_dot='.'
am__nodep='_no'
am__quote=''
am__tar='$${TAR-tar} chof - "$$tardir"'
am__untar='$${TAR-tar} xf -'
bindir='${exec_prefix}/bin'
build_alias=''
datadir='${datarootdir}'
datarootdir='${prefix}/share'
docdir='${datarootdir}/doc/${PACKAGE_TARNAME}'
dvidir='${docdir}'
exec_prefix='${prefix}'
host_alias=''
htmldir='${docdir}'
includedir='${prefix}/include'
infodir='${datarootdir}/info'
install_sh='${SHELL} /home/fryang/working/nrg-5-sorbonne/nso/install-sh'
libdir='${exec_prefix}/lib'
libexecdir='${exec_prefix}/libexec'
localedir='${datarootdir}/locale'
localstatedir='${prefix}/var'
mandir='${datarootdir}/man'
mkdir_p='$(MKDIR_P)'
oldincludedir='/usr/include'
pdfdir='${docdir}'
prefix='/usr/local'
program_transform_name='s,x,x,'
psdir='${docdir}'
runstatedir='${localstatedir}/run'
sbindir='${exec_prefix}/sbin'
sharedstatedir='${prefix}/com'
sysconfdir='${prefix}/etc'
target_alias=''

## ----------- ##
## confdefs.h. ##
## ----------- ##

/* confdefs.h */
#define PACKAGE_NAME "NRG5-SU"
#define PACKAGE_TARNAME "nrg5-su"
#define PACKAGE_VERSION "0.1"
#define PACKAGE_STRING "NRG5-SU 0.1"
#define PACKAGE_BUGREPORT "furong.yang@lip6.fr luca.demori@lip6.fr"
#define PACKAGE_URL ""
#define PACKAGE "NRG5-SU"
#define VERSION "0.1"
#define HAVE_LIBPTHREAD 1
#define STDC_HEADERS 1
#define HAVE_SYS_TYPES_H 1
#define HAVE_SYS_STAT_H 1
#define HAVE_STDLIB_H 1
#define HAVE_STRING_H 1
#define HAVE_MEMORY_H 1
#define HAVE_STRINGS_H 1
#define HAVE_INTTYPES_H 1
#define HAVE_STDINT_H 1
#define HAVE_UNISTD_H 1
#define HAVE_ARPA_INET_H 1
#define HAVE_NETINET_IN_H 1
#define HAVE_STDINT_H 1
#define HAVE_STDLIB_H 1
#define HAVE_STRING_H 1
#define HAVE_SYS_IOCTL_H 1
#define HAVE_SYS_SOCKET_H 1
#define HAVE_SYS_TIME_H 1
#define HAVE_UNISTD_H 1
#define HAVE_STDLIB_H 1
#define HAVE_MALLOC 1
#define HAVE_GETTIMEOFDAY 1
#define HAVE_MEMSET 1
#define HAVE_SOCKET 1

configure: exit 0
